1726168397.085294 client started (2801957): version 3.4, socket /tmp/tmux-1000/default, protocol 8
1726168397.085309 on Linux 6.10.8-arch1-1 #1 SMP PREEMPT_DYNAMIC Wed, 04 Sep 2024 15:16:37 +0000
1726168397.085312 using libevent 2.1.12-stable poll
1726168397.085313 using ncurses 6.5 20240427
1726168397.085323 flags are 0x10010000
1726168397.085331 socket is /tmp/tmux-1000/default
1726168397.085338 trying connect
1726168397.085380 add peer 0x6455e6a848c0: 6 ((nil))
1726168397.085594 sending message 100 to peer 0x6455e6a848c0 (4 bytes)
1726168397.085604 sending message 111 to peer 0x6455e6a848c0 (8 bytes)
1726168397.085607 sending message 101 to peer 0x6455e6a848c0 (14 bytes)
1726168397.085608 sending message 109 to peer 0x6455e6a848c0 (4 bytes)
1726168397.085610 sending message 102 to peer 0x6455e6a848c0 (11 bytes)
1726168397.085612 sending message 108 to peer 0x6455e6a848c0 (41 bytes)
1726168397.085614 sending message 112 to peer 0x6455e6a848c0 (70 bytes)
1726168397.085616 sending message 112 to peer 0x6455e6a848c0 (5 bytes)
1726168397.085618 sending message 112 to peer 0x6455e6a848c0 (5 bytes)
1726168397.085620 sending message 112 to peer 0x6455e6a848c0 (6 bytes)
1726168397.085622 sending message 112 to peer 0x6455e6a848c0 (6 bytes)
1726168397.085624 sending message 112 to peer 0x6455e6a848c0 (11 bytes)
1726168397.085625 sending message 112 to peer 0x6455e6a848c0 (10 bytes)
1726168397.085627 sending message 112 to peer 0x6455e6a848c0 (13 bytes)
1726168397.085629 sending message 112 to peer 0x6455e6a848c0 (13 bytes)
1726168397.085631 sending message 112 to peer 0x6455e6a848c0 (18 bytes)
1726168397.085633 sending message 112 to peer 0x6455e6a848c0 (11 bytes)
1726168397.085634 sending message 112 to peer 0x6455e6a848c0 (10 bytes)
1726168397.085636 sending message 112 to peer 0x6455e6a848c0 (15 bytes)
1726168397.085638 sending message 112 to peer 0x6455e6a848c0 (21 bytes)
1726168397.085640 sending message 112 to peer 0x6455e6a848c0 (13 bytes)
1726168397.085642 sending message 112 to peer 0x6455e6a848c0 (7 bytes)
1726168397.085643 sending message 112 to peer 0x6455e6a848c0 (13 bytes)
1726168397.085645 sending message 112 to peer 0x6455e6a848c0 (7 bytes)
1726168397.085647 sending message 112 to peer 0x6455e6a848c0 (13 bytes)
1726168397.085649 sending message 112 to peer 0x6455e6a848c0 (9 bytes)
1726168397.085651 sending message 112 to peer 0x6455e6a848c0 (21 bytes)
1726168397.085652 sending message 112 to peer 0x6455e6a848c0 (13 bytes)
1726168397.085654 sending message 112 to peer 0x6455e6a848c0 (8 bytes)
1726168397.085656 sending message 112 to peer 0x6455e6a848c0 (12 bytes)
1726168397.085658 sending message 112 to peer 0x6455e6a848c0 (13 bytes)
1726168397.085673 sending message 112 to peer 0x6455e6a848c0 (9 bytes)
1726168397.085675 sending message 112 to peer 0x6455e6a848c0 (9 bytes)
1726168397.085677 sending message 112 to peer 0x6455e6a848c0 (12 bytes)
1726168397.085678 sending message 112 to peer 0x6455e6a848c0 (8 bytes)
1726168397.085680 sending message 112 to peer 0x6455e6a848c0 (8 bytes)
1726168397.085682 sending message 112 to peer 0x6455e6a848c0 (7 bytes)
1726168397.085684 sending message 112 to peer 0x6455e6a848c0 (7 bytes)
1726168397.085686 sending message 112 to peer 0x6455e6a848c0 (9 bytes)
1726168397.085688 sending message 112 to peer 0x6455e6a848c0 (13 bytes)
1726168397.085689 sending message 112 to peer 0x6455e6a848c0 (6 bytes)
1726168397.085691 sending message 112 to peer 0x6455e6a848c0 (9 bytes)
1726168397.085693 sending message 112 to peer 0x6455e6a848c0 (15 bytes)
1726168397.085695 sending message 112 to peer 0x6455e6a848c0 (13 bytes)
1726168397.085697 sending message 112 to peer 0x6455e6a848c0 (12 bytes)
1726168397.085698 sending message 112 to peer 0x6455e6a848c0 (8 bytes)
1726168397.085700 sending message 112 to peer 0x6455e6a848c0 (14 bytes)
1726168397.085702 sending message 112 to peer 0x6455e6a848c0 (11 bytes)
1726168397.085704 sending message 112 to peer 0x6455e6a848c0 (9 bytes)
1726168397.085706 sending message 112 to peer 0x6455e6a848c0 (10 bytes)
1726168397.085708 sending message 112 to peer 0x6455e6a848c0 (10 bytes)
1726168397.085714 sending message 112 to peer 0x6455e6a848c0 (10 bytes)
1726168397.085716 sending message 112 to peer 0x6455e6a848c0 (10 bytes)
1726168397.085718 sending message 112 to peer 0x6455e6a848c0 (11 bytes)
1726168397.085720 sending message 112 to peer 0x6455e6a848c0 (12 bytes)
1726168397.085722 sending message 112 to peer 0x6455e6a848c0 (12 bytes)
1726168397.085724 sending message 112 to peer 0x6455e6a848c0 (12 bytes)
1726168397.085725 sending message 112 to peer 0x6455e6a848c0 (12 bytes)
1726168397.085727 sending message 112 to peer 0x6455e6a848c0 (12 bytes)
1726168397.085729 sending message 112 to peer 0x6455e6a848c0 (11 bytes)
1726168397.085731 sending message 112 to peer 0x6455e6a848c0 (11 bytes)
1726168397.085733 sending message 112 to peer 0x6455e6a848c0 (12 bytes)
1726168397.085734 sending message 112 to peer 0x6455e6a848c0 (12 bytes)
1726168397.085736 sending message 112 to peer 0x6455e6a848c0 (12 bytes)
1726168397.085738 sending message 112 to peer 0x6455e6a848c0 (12 bytes)
1726168397.085740 sending message 112 to peer 0x6455e6a848c0 (12 bytes)
1726168397.085742 sending message 112 to peer 0x6455e6a848c0 (10 bytes)
1726168397.085743 sending message 112 to peer 0x6455e6a848c0 (12 bytes)
1726168397.085745 sending message 112 to peer 0x6455e6a848c0 (13 bytes)
1726168397.085747 sending message 112 to peer 0x6455e6a848c0 (13 bytes)
1726168397.085749 sending message 112 to peer 0x6455e6a848c0 (13 bytes)
1726168397.085751 sending message 112 to peer 0x6455e6a848c0 (13 bytes)
1726168397.085752 sending message 112 to peer 0x6455e6a848c0 (13 bytes)
1726168397.085754 sending message 112 to peer 0x6455e6a848c0 (8 bytes)
1726168397.085756 sending message 112 to peer 0x6455e6a848c0 (11 bytes)
1726168397.085758 sending message 112 to peer 0x6455e6a848c0 (11 bytes)
1726168397.085760 sending message 112 to peer 0x6455e6a848c0 (11 bytes)
1726168397.085761 sending message 112 to peer 0x6455e6a848c0 (12 bytes)
1726168397.085763 sending message 112 to peer 0x6455e6a848c0 (12 bytes)
1726168397.085765 sending message 112 to peer 0x6455e6a848c0 (12 bytes)
1726168397.085767 sending message 112 to peer 0x6455e6a848c0 (12 bytes)
1726168397.085769 sending message 112 to peer 0x6455e6a848c0 (13 bytes)
1726168397.085770 sending message 112 to peer 0x6455e6a848c0 (13 bytes)
1726168397.085772 sending message 112 to peer 0x6455e6a848c0 (13 bytes)
1726168397.085774 sending message 112 to peer 0x6455e6a848c0 (8 bytes)
1726168397.085776 sending message 112 to peer 0x6455e6a848c0 (13 bytes)
1726168397.085778 sending message 112 to peer 0x6455e6a848c0 (13 bytes)
1726168397.085780 sending message 112 to peer 0x6455e6a848c0 (13 bytes)
1726168397.085781 sending message 112 to peer 0x6455e6a848c0 (13 bytes)
1726168397.085783 sending message 112 to peer 0x6455e6a848c0 (13 bytes)
1726168397.085785 sending message 112 to peer 0x6455e6a848c0 (12 bytes)
1726168397.085787 sending message 112 to peer 0x6455e6a848c0 (12 bytes)
1726168397.085789 sending message 112 to peer 0x6455e6a848c0 (12 bytes)
1726168397.085790 sending message 112 to peer 0x6455e6a848c0 (12 bytes)
1726168397.085792 sending message 112 to peer 0x6455e6a848c0 (13 bytes)
1726168397.085794 sending message 112 to peer 0x6455e6a848c0 (8 bytes)
1726168397.085796 sending message 112 to peer 0x6455e6a848c0 (13 bytes)
1726168397.085798 sending message 112 to peer 0x6455e6a848c0 (13 bytes)
1726168397.085799 sending message 112 to peer 0x6455e6a848c0 (13 bytes)
1726168397.085801 sending message 112 to peer 0x6455e6a848c0 (13 bytes)
1726168397.085803 sending message 112 to peer 0x6455e6a848c0 (13 bytes)
1726168397.085805 sending message 112 to peer 0x6455e6a848c0 (13 bytes)
1726168397.085807 sending message 112 to peer 0x6455e6a848c0 (13 bytes)
1726168397.085808 sending message 112 to peer 0x6455e6a848c0 (12 bytes)
1726168397.085810 sending message 112 to peer 0x6455e6a848c0 (12 bytes)
1726168397.085812 sending message 112 to peer 0x6455e6a848c0 (12 bytes)
1726168397.085814 sending message 112 to peer 0x6455e6a848c0 (8 bytes)
1726168397.085816 sending message 112 to peer 0x6455e6a848c0 (12 bytes)
1726168397.085832 sending message 112 to peer 0x6455e6a848c0 (13 bytes)
1726168397.085834 sending message 112 to peer 0x6455e6a848c0 (13 bytes)
1726168397.085836 sending message 112 to peer 0x6455e6a848c0 (13 bytes)
1726168397.085838 sending message 112 to peer 0x6455e6a848c0 (13 bytes)
1726168397.085839 sending message 112 to peer 0x6455e6a848c0 (13 bytes)
1726168397.085841 sending message 112 to peer 0x6455e6a848c0 (13 bytes)
1726168397.085843 sending message 112 to peer 0x6455e6a848c0 (13 bytes)
1726168397.085845 sending message 112 to peer 0x6455e6a848c0 (13 bytes)
1726168397.085847 sending message 112 to peer 0x6455e6a848c0 (12 bytes)
1726168397.085848 sending message 112 to peer 0x6455e6a848c0 (10 bytes)
1726168397.085850 sending message 112 to peer 0x6455e6a848c0 (12 bytes)
1726168397.085852 sending message 112 to peer 0x6455e6a848c0 (12 bytes)
1726168397.085854 sending message 112 to peer 0x6455e6a848c0 (12 bytes)
1726168397.085856 sending message 112 to peer 0x6455e6a848c0 (13 bytes)
1726168397.085858 sending message 112 to peer 0x6455e6a848c0 (13 bytes)
1726168397.085859 sending message 112 to peer 0x6455e6a848c0 (13 bytes)
1726168397.085861 sending message 112 to peer 0x6455e6a848c0 (13 bytes)
1726168397.085863 sending message 112 to peer 0x6455e6a848c0 (13 bytes)
1726168397.085865 sending message 112 to peer 0x6455e6a848c0 (13 bytes)
1726168397.085867 sending message 112 to peer 0x6455e6a848c0 (13 bytes)
1726168397.085868 sending message 112 to peer 0x6455e6a848c0 (10 bytes)
1726168397.085870 sending message 112 to peer 0x6455e6a848c0 (13 bytes)
1726168397.085872 sending message 112 to peer 0x6455e6a848c0 (12 bytes)
1726168397.085874 sending message 112 to peer 0x6455e6a848c0 (12 bytes)
1726168397.085876 sending message 112 to peer 0x6455e6a848c0 (12 bytes)
1726168397.085877 sending message 112 to peer 0x6455e6a848c0 (10 bytes)
1726168397.085879 sending message 112 to peer 0x6455e6a848c0 (10 bytes)
1726168397.085881 sending message 112 to peer 0x6455e6a848c0 (10 bytes)
1726168397.085883 sending message 112 to peer 0x6455e6a848c0 (12 bytes)
1726168397.085885 sending message 112 to peer 0x6455e6a848c0 (13 bytes)
1726168397.085887 sending message 112 to peer 0x6455e6a848c0 (13 bytes)
1726168397.085888 sending message 112 to peer 0x6455e6a848c0 (13 bytes)
1726168397.085890 sending message 112 to peer 0x6455e6a848c0 (13 bytes)
1726168397.085892 sending message 112 to peer 0x6455e6a848c0 (13 bytes)
1726168397.085894 sending message 112 to peer 0x6455e6a848c0 (11 bytes)
1726168397.085896 sending message 112 to peer 0x6455e6a848c0 (11 bytes)
1726168397.085897 sending message 112 to peer 0x6455e6a848c0 (12 bytes)
1726168397.085899 sending message 112 to peer 0x6455e6a848c0 (12 bytes)
1726168397.085901 sending message 112 to peer 0x6455e6a848c0 (12 bytes)
1726168397.085903 sending message 112 to peer 0x6455e6a848c0 (12 bytes)
1726168397.085905 sending message 112 to peer 0x6455e6a848c0 (12 bytes)
1726168397.085907 sending message 112 to peer 0x6455e6a848c0 (11 bytes)
1726168397.085908 sending message 112 to peer 0x6455e6a848c0 (12 bytes)
1726168397.085910 sending message 112 to peer 0x6455e6a848c0 (12 bytes)
1726168397.085912 sending message 112 to peer 0x6455e6a848c0 (13 bytes)
1726168397.085914 sending message 112 to peer 0x6455e6a848c0 (13 bytes)
1726168397.085916 sending message 112 to peer 0x6455e6a848c0 (13 bytes)
1726168397.085917 sending message 112 to peer 0x6455e6a848c0 (13 bytes)
1726168397.085919 sending message 112 to peer 0x6455e6a848c0 (13 bytes)
1726168397.085921 sending message 112 to peer 0x6455e6a848c0 (10 bytes)
1726168397.085923 sending message 112 to peer 0x6455e6a848c0 (9 bytes)
1726168397.085925 sending message 112 to peer 0x6455e6a848c0 (12 bytes)
1726168397.085926 sending message 112 to peer 0x6455e6a848c0 (13 bytes)
1726168397.085928 sending message 112 to peer 0x6455e6a848c0 (13 bytes)
1726168397.085930 sending message 112 to peer 0x6455e6a848c0 (13 bytes)
1726168397.085932 sending message 112 to peer 0x6455e6a848c0 (13 bytes)
1726168397.085934 sending message 112 to peer 0x6455e6a848c0 (13 bytes)
1726168397.085938 sending message 112 to peer 0x6455e6a848c0 (9 bytes)
1726168397.085940 sending message 112 to peer 0x6455e6a848c0 (12 bytes)
1726168397.085942 sending message 112 to peer 0x6455e6a848c0 (13 bytes)
1726168397.085943 sending message 112 to peer 0x6455e6a848c0 (13 bytes)
1726168397.085945 sending message 112 to peer 0x6455e6a848c0 (13 bytes)
1726168397.085947 sending message 112 to peer 0x6455e6a848c0 (13 bytes)
1726168397.085949 sending message 112 to peer 0x6455e6a848c0 (13 bytes)
1726168397.085951 sending message 112 to peer 0x6455e6a848c0 (11 bytes)
1726168397.085952 sending message 112 to peer 0x6455e6a848c0 (12 bytes)
1726168397.085954 sending message 112 to peer 0x6455e6a848c0 (13 bytes)
1726168397.085956 sending message 112 to peer 0x6455e6a848c0 (13 bytes)
1726168397.085958 sending message 112 to peer 0x6455e6a848c0 (13 bytes)
1726168397.085960 sending message 112 to peer 0x6455e6a848c0 (13 bytes)
1726168397.085961 sending message 112 to peer 0x6455e6a848c0 (13 bytes)
1726168397.085963 sending message 112 to peer 0x6455e6a848c0 (11 bytes)
1726168397.085965 sending message 112 to peer 0x6455e6a848c0 (12 bytes)
1726168397.085967 sending message 112 to peer 0x6455e6a848c0 (12 bytes)
1726168397.085969 sending message 112 to peer 0x6455e6a848c0 (12 bytes)
1726168397.085971 sending message 112 to peer 0x6455e6a848c0 (12 bytes)
1726168397.085972 sending message 112 to peer 0x6455e6a848c0 (12 bytes)
1726168397.085974 sending message 112 to peer 0x6455e6a848c0 (21 bytes)
1726168397.085976 sending message 112 to peer 0x6455e6a848c0 (12 bytes)
1726168397.085978 sending message 112 to peer 0x6455e6a848c0 (9 bytes)
1726168397.085980 sending message 112 to peer 0x6455e6a848c0 (6 bytes)
1726168397.085982 sending message 112 to peer 0x6455e6a848c0 (13 bytes)
1726168397.085984 sending message 112 to peer 0x6455e6a848c0 (8 bytes)
1726168397.085985 sending message 112 to peer 0x6455e6a848c0 (15 bytes)
1726168397.085987 sending message 112 to peer 0x6455e6a848c0 (13 bytes)
1726168397.085989 sending message 112 to peer 0x6455e6a848c0 (9 bytes)
1726168397.085991 sending message 112 to peer 0x6455e6a848c0 (70 bytes)
1726168397.085993 sending message 112 to peer 0x6455e6a848c0 (69 bytes)
1726168397.085995 sending message 112 to peer 0x6455e6a848c0 (10 bytes)
1726168397.085997 sending message 112 to peer 0x6455e6a848c0 (10 bytes)
1726168397.085999 sending message 112 to peer 0x6455e6a848c0 (8 bytes)
1726168397.086001 sending message 112 to peer 0x6455e6a848c0 (15 bytes)
1726168397.086003 sending message 112 to peer 0x6455e6a848c0 (13 bytes)
1726168397.086004 sending message 112 to peer 0x6455e6a848c0 (10 bytes)
1726168397.086006 sending message 112 to peer 0x6455e6a848c0 (10 bytes)
1726168397.086008 sending message 112 to peer 0x6455e6a848c0 (17 bytes)
1726168397.086010 sending message 112 to peer 0x6455e6a848c0 (10 bytes)
1726168397.086012 sending message 112 to peer 0x6455e6a848c0 (13 bytes)
1726168397.086014 sending message 112 to peer 0x6455e6a848c0 (9 bytes)
1726168397.086015 sending message 112 to peer 0x6455e6a848c0 (5 bytes)
1726168397.086017 sending message 112 to peer 0x6455e6a848c0 (15 bytes)
1726168397.086020 sending message 104 to peer 0x6455e6a848c0 (0 bytes)
1726168397.086022 sending message 110 to peer 0x6455e6a848c0 (0 bytes)
1726168397.086024 sending message 107 to peer 0x6455e6a848c0 (4 bytes)
1726168397.086026 sending message 105 to peer 0x6455e6a848c0 (29 bytes)
1726168397.086028 sending message 105 to peer 0x6455e6a848c0 (24 bytes)
1726168397.086030 sending message 105 to peer 0x6455e6a848c0 (36 bytes)
1726168397.086031 sending message 105 to peer 0x6455e6a848c0 (34 bytes)
1726168397.086033 sending message 105 to peer 0x6455e6a848c0 (20 bytes)
1726168397.086035 sending message 105 to peer 0x6455e6a848c0 (20 bytes)
1726168397.086037 sending message 105 to peer 0x6455e6a848c0 (54 bytes)
1726168397.086039 sending message 105 to peer 0x6455e6a848c0 (50 bytes)
1726168397.086041 sending message 105 to peer 0x6455e6a848c0 (19 bytes)
1726168397.086043 sending message 105 to peer 0x6455e6a848c0 (11 bytes)
1726168397.086047 sending message 105 to peer 0x6455e6a848c0 (11 bytes)
1726168397.086049 sending message 105 to peer 0x6455e6a848c0 (24 bytes)
1726168397.086051 sending message 105 to peer 0x6455e6a848c0 (144 bytes)
1726168397.086053 sending message 105 to peer 0x6455e6a848c0 (64 bytes)
1726168397.086055 sending message 105 to peer 0x6455e6a848c0 (19 bytes)
1726168397.086057 sending message 105 to peer 0x6455e6a848c0 (22 bytes)
1726168397.086059 sending message 105 to peer 0x6455e6a848c0 (91 bytes)
1726168397.086061 sending message 105 to peer 0x6455e6a848c0 (38 bytes)
1726168397.086063 sending message 105 to peer 0x6455e6a848c0 (18 bytes)
1726168397.086064 sending message 105 to peer 0x6455e6a848c0 (60 bytes)
1726168397.086066 sending message 105 to peer 0x6455e6a848c0 (18 bytes)
1726168397.086068 sending message 105 to peer 0x6455e6a848c0 (17 bytes)
1726168397.086070 sending message 105 to peer 0x6455e6a848c0 (107 bytes)
1726168397.086072 sending message 105 to peer 0x6455e6a848c0 (16 bytes)
1726168397.086074 sending message 105 to peer 0x6455e6a848c0 (29 bytes)
1726168397.086076 sending message 105 to peer 0x6455e6a848c0 (37 bytes)
1726168397.086078 sending message 105 to peer 0x6455e6a848c0 (15 bytes)
1726168397.086079 sending message 105 to peer 0x6455e6a848c0 (21 bytes)
1726168397.086081 sending message 105 to peer 0x6455e6a848c0 (70 bytes)
1726168397.086083 sending message 105 to peer 0x6455e6a848c0 (53 bytes)
1726168397.086085 sending message 105 to peer 0x6455e6a848c0 (27 bytes)
1726168397.086087 sending message 105 to peer 0x6455e6a848c0 (54 bytes)
1726168397.086089 sending message 105 to peer 0x6455e6a848c0 (16 bytes)
1726168397.086090 sending message 105 to peer 0x6455e6a848c0 (27 bytes)
1726168397.086092 sending message 105 to peer 0x6455e6a848c0 (63 bytes)
1726168397.086094 sending message 105 to peer 0x6455e6a848c0 (21 bytes)
1726168397.086096 sending message 105 to peer 0x6455e6a848c0 (12 bytes)
1726168397.086098 sending message 105 to peer 0x6455e6a848c0 (1047 bytes)
1726168397.086108 sending message 105 to peer 0x6455e6a848c0 (99 bytes)
1726168397.086110 sending message 105 to peer 0x6455e6a848c0 (80 bytes)
1726168397.086112 sending message 105 to peer 0x6455e6a848c0 (49 bytes)
1726168397.086114 sending message 105 to peer 0x6455e6a848c0 (45 bytes)
1726168397.086116 sending message 105 to peer 0x6455e6a848c0 (167 bytes)
1726168397.086118 sending message 105 to peer 0x6455e6a848c0 (16 bytes)
1726168397.086120 sending message 105 to peer 0x6455e6a848c0 (45 bytes)
1726168397.086122 sending message 105 to peer 0x6455e6a848c0 (30 bytes)
1726168397.086123 sending message 105 to peer 0x6455e6a848c0 (28 bytes)
1726168397.086125 sending message 105 to peer 0x6455e6a848c0 (27 bytes)
1726168397.086127 sending message 105 to peer 0x6455e6a848c0 (18 bytes)
1726168397.086129 sending message 105 to peer 0x6455e6a848c0 (38 bytes)
1726168397.086131 sending message 105 to peer 0x6455e6a848c0 (24 bytes)
1726168397.086133 sending message 105 to peer 0x6455e6a848c0 (19 bytes)
1726168397.086134 sending message 105 to peer 0x6455e6a848c0 (8 bytes)
1726168397.086136 sending message 105 to peer 0x6455e6a848c0 (19 bytes)
1726168397.086138 sending message 105 to peer 0x6455e6a848c0 (33 bytes)
1726168397.086140 sending message 105 to peer 0x6455e6a848c0 (18 bytes)
1726168397.086142 sending message 105 to peer 0x6455e6a848c0 (25 bytes)
1726168397.086144 sending message 105 to peer 0x6455e6a848c0 (38 bytes)
1726168397.086145 sending message 105 to peer 0x6455e6a848c0 (13 bytes)
1726168397.086147 sending message 105 to peer 0x6455e6a848c0 (61 bytes)
1726168397.086149 sending message 105 to peer 0x6455e6a848c0 (13 bytes)
1726168397.086151 sending message 105 to peer 0x6455e6a848c0 (26 bytes)
1726168397.086153 sending message 105 to peer 0x6455e6a848c0 (20 bytes)
1726168397.086155 sending message 105 to peer 0x6455e6a848c0 (29 bytes)
1726168397.086157 sending message 105 to peer 0x6455e6a848c0 (260 bytes)
1726168397.086159 sending message 105 to peer 0x6455e6a848c0 (31 bytes)
1726168397.086160 sending message 105 to peer 0x6455e6a848c0 (15 bytes)
1726168397.086165 sending message 105 to peer 0x6455e6a848c0 (23 bytes)
1726168397.086167 sending message 105 to peer 0x6455e6a848c0 (29 bytes)
1726168397.086168 sending message 105 to peer 0x6455e6a848c0 (17 bytes)
1726168397.086170 sending message 105 to peer 0x6455e6a848c0 (25 bytes)
1726168397.086172 sending message 105 to peer 0x6455e6a848c0 (11 bytes)
1726168397.086174 sending message 105 to peer 0x6455e6a848c0 (46 bytes)
1726168397.086176 sending message 105 to peer 0x6455e6a848c0 (41 bytes)
1726168397.086178 sending message 105 to peer 0x6455e6a848c0 (16 bytes)
1726168397.086179 sending message 105 to peer 0x6455e6a848c0 (30 bytes)
1726168397.086181 sending message 105 to peer 0x6455e6a848c0 (24 bytes)
1726168397.086183 sending message 105 to peer 0x6455e6a848c0 (20 bytes)
1726168397.086185 sending message 105 to peer 0x6455e6a848c0 (10 bytes)
1726168397.086187 sending message 106 to peer 0x6455e6a848c0 (0 bytes)
1726168397.086219 sending message 200 to peer 0x6455e6a848c0 (4 bytes)
1726168397.086221 client loop enter
1726168397.086633 peer 0x6455e6a848c0 message 303
1726168397.086636 open write file 2 -
1726168397.086639 sending message 305 to peer 0x6455e6a848c0 (8 bytes)
1726168397.086643 write check file 2
1726168397.086745 peer 0x6455e6a848c0 message 304
1726168397.086747 write 58 to file 2
1726168397.086749 peer 0x6455e6a848c0 message 203
1726168397.086751 file 2 58 bytes left
1726168397.086757 write check file 2
1726168397.086758 client loop exit
