
2024/09/18 (16:21:51) | ===> btop++ v.1.3.2
2024/09/18 (16:21:51) | WARNING: ROCm SMI: Failed to get maximum GPU temperature, defaulting to 110°C
2024/09/18 (16:21:51) | WARNING: ROCm SMI: Failed to get PCIe throughput

2024/09/18 (16:22:05) | ===> btop++ v.1.3.2
2024/09/18 (16:22:05) | WARNING: ROCm SMI: Failed to get maximum GPU temperature, defaulting to 110°C
2024/09/18 (16:22:05) | WARNING: ROCm SMI: Failed to get PCIe throughput

2024/09/19 (18:21:10) | ===> btop++ v.1.3.2
2024/09/19 (18:21:10) | WARNING: ROCm SMI: Failed to get maximum GPU temperature, defaulting to 110°C
2024/09/19 (18:21:10) | WARNING: ROCm SMI: Failed to get PCIe throughput

2024/09/21 (00:16:31) | ===> btop++ v.1.3.2
2024/09/21 (00:16:31) | WARNING: ROCm SMI: Failed to get maximum GPU temperature, defaulting to 110°C
2024/09/21 (00:16:31) | WARNING: ROCm SMI: Failed to get PCIe throughput

2024/09/21 (00:38:28) | ===> btop++ v.1.3.2
2024/09/21 (00:38:28) | WARNING: ROCm SMI: Failed to get maximum GPU temperature, defaulting to 110°C
2024/09/21 (00:38:28) | WARNING: ROCm SMI: Failed to get PCIe throughput

2024/09/21 (00:54:20) | ===> btop++ v.1.3.2
2024/09/21 (00:54:20) | WARNING: ROCm SMI: Failed to get maximum GPU temperature, defaulting to 110°C
2024/09/21 (00:54:20) | WARNING: ROCm SMI: Failed to get PCIe throughput

2024/09/23 (17:23:34) | ===> btop++ v.1.4.0
2024/09/23 (17:23:34) | WARNING: ROCm SMI: Failed to get maximum GPU temperature, defaulting to 110°C
2024/09/23 (17:23:34) | WARNING: ROCm SMI: Failed to get PCIe throughput
2024/09/29 (04:53:46) | ERROR: Stall in Runner thread, restarting!

2024/10/01 (14:33:10) | ===> btop++ v.1.4.0
2024/10/01 (14:33:10) | WARNING: ROCm SMI: Failed to get maximum GPU temperature, defaulting to 110°C
2024/10/01 (14:33:10) | WARNING: ROCm SMI: Failed to get PCIe throughput

2024/10/04 (12:08:52) | ===> btop++ v.1.4.0
2024/10/04 (12:08:52) | WARNING: ROCm SMI: Failed to get maximum GPU temperature, defaulting to 110°C
2024/10/04 (12:08:52) | WARNING: ROCm SMI: Failed to get PCIe throughput

2024/10/10 (11:23:30) | ===> btop++ v.1.4.0
2024/10/10 (11:23:30) | WARNING: ROCm SMI: Failed to get maximum GPU temperature, defaulting to 110°C
2024/10/10 (11:23:30) | WARNING: ROCm SMI: Failed to get PCIe throughput

2024/10/14 (10:13:20) | ===> btop++ v.1.4.0
2024/10/14 (10:13:20) | WARNING: ROCm SMI: Failed to get maximum GPU temperature, defaulting to 110°C
2024/10/14 (10:13:20) | WARNING: ROCm SMI: Failed to get PCIe throughput

2024/10/14 (15:35:00) | ===> btop++ v.1.4.0
2024/10/14 (15:35:00) | WARNING: ROCm SMI: Failed to get maximum GPU temperature, defaulting to 110°C
2024/10/14 (15:35:00) | WARNING: ROCm SMI: Failed to get PCIe throughput

2024/10/17 (17:06:13) | ===> btop++ v.1.4.0
2024/10/17 (17:06:13) | WARNING: ROCm SMI: Failed to get maximum GPU temperature, defaulting to 110°C
2024/10/17 (17:06:13) | WARNING: ROCm SMI: Failed to get PCIe throughput

2024/10/18 (11:44:13) | ===> btop++ v.1.4.0
2024/10/18 (11:44:13) | WARNING: ROCm SMI: Failed to get maximum GPU temperature, defaulting to 110°C
2024/10/18 (11:44:13) | WARNING: ROCm SMI: Failed to get PCIe throughput

2024/10/29 (09:08:17) | ===> btop++ v.1.4.0
2024/10/29 (09:08:17) | WARNING: ROCm SMI: Failed to get maximum GPU temperature, defaulting to 110°C
2024/10/29 (09:08:17) | WARNING: ROCm SMI: Failed to get PCIe throughput

2024/10/29 (11:17:16) | ===> btop++ v.1.4.0
2024/10/29 (11:17:16) | WARNING: ROCm SMI: Failed to get maximum GPU temperature, defaulting to 110°C
2024/10/29 (11:17:16) | WARNING: ROCm SMI: Failed to get PCIe throughput

2024/10/29 (16:39:48) | ===> btop++ v.1.4.0
2024/10/29 (16:39:48) | WARNING: ROCm SMI: Failed to get maximum GPU temperature, defaulting to 110°C
2024/10/29 (16:39:48) | WARNING: ROCm SMI: Failed to get PCIe throughput

2024/10/31 (11:25:03) | ===> btop++ v.1.4.0
2024/10/31 (11:25:03) | WARNING: ROCm SMI: Failed to get maximum GPU temperature, defaulting to 110°C
2024/10/31 (11:25:03) | WARNING: ROCm SMI: Failed to get PCIe throughput

2024/11/05 (15:59:58) | ===> btop++ v.1.4.0
2024/11/05 (15:59:58) | WARNING: ROCm SMI: Failed to get maximum GPU temperature, defaulting to 110°C
2024/11/05 (15:59:58) | WARNING: ROCm SMI: Failed to get PCIe throughput

2024/11/11 (10:06:01) | ===> btop++ v.1.4.0
2024/11/11 (10:06:01) | WARNING: ROCm SMI: Failed to get maximum GPU temperature, defaulting to 110°C
2024/11/11 (10:06:01) | WARNING: ROCm SMI: Failed to get PCIe throughput

2024/11/13 (11:49:32) | ===> btop++ v.1.4.0
2024/11/13 (11:49:32) | WARNING: ROCm SMI: Failed to get maximum GPU temperature, defaulting to 110°C
2024/11/13 (11:49:32) | WARNING: ROCm SMI: Failed to get PCIe throughput

2024/11/13 (11:57:41) | ===> btop++ v.1.4.0
2024/11/13 (11:57:41) | WARNING: ROCm SMI: Failed to get maximum GPU temperature, defaulting to 110°C
2024/11/13 (11:57:41) | WARNING: ROCm SMI: Failed to get PCIe throughput

2024/11/13 (13:07:42) | ===> btop++ v.1.4.0
2024/11/13 (13:07:42) | WARNING: ROCm SMI: Failed to get maximum GPU temperature, defaulting to 110°C
2024/11/13 (13:07:42) | WARNING: ROCm SMI: Failed to get PCIe throughput

2024/11/14 (11:09:31) | ===> btop++ v.1.4.0
2024/11/14 (11:09:31) | WARNING: ROCm SMI: Failed to get maximum GPU temperature, defaulting to 110°C
2024/11/14 (11:09:31) | WARNING: ROCm SMI: Failed to get PCIe throughput

2024/11/18 (12:42:03) | ===> btop++ v.1.4.0
2024/11/18 (12:42:03) | WARNING: ROCm SMI: Failed to get maximum GPU temperature, defaulting to 110°C
2024/11/18 (12:42:03) | WARNING: ROCm SMI: Failed to get PCIe throughput

2024/11/20 (16:56:31) | ===> btop++ v.1.4.0
2024/11/20 (16:56:31) | WARNING: ROCm SMI: Failed to get maximum GPU temperature, defaulting to 110°C
2024/11/20 (16:56:31) | WARNING: ROCm SMI: Failed to get PCIe throughput
2024/11/20 (17:23:37) | ERROR: Stall in Runner thread, restarting!

2024/11/22 (12:12:05) | ===> btop++ v.1.4.0
2024/11/22 (12:12:05) | WARNING: ROCm SMI: Failed to get maximum GPU temperature, defaulting to 110°C
2024/11/22 (12:12:05) | WARNING: ROCm SMI: Failed to get PCIe throughput

2024/11/22 (16:22:36) | ===> btop++ v.1.4.0
2024/11/22 (16:22:36) | WARNING: ROCm SMI: Failed to get maximum GPU temperature, defaulting to 110°C
2024/11/22 (16:22:36) | WARNING: ROCm SMI: Failed to get PCIe throughput

2024/11/25 (11:50:39) | ===> btop++ v.1.4.0
2024/11/25 (11:50:39) | WARNING: ROCm SMI: Failed to get maximum GPU temperature, defaulting to 110°C
2024/11/25 (11:50:39) | WARNING: ROCm SMI: Failed to get PCIe throughput

2024/12/03 (12:37:50) | ===> btop++ v.1.4.0
2024/12/03 (12:37:50) | WARNING: ROCm SMI: Failed to get maximum GPU temperature, defaulting to 110°C
2024/12/03 (12:37:50) | WARNING: ROCm SMI: Failed to get PCIe throughput

2024/12/05 (12:04:08) | ===> btop++ v.1.4.0
2024/12/05 (12:04:08) | WARNING: ROCm SMI: Failed to get maximum GPU temperature, defaulting to 110°C
2024/12/05 (12:04:08) | WARNING: ROCm SMI: Failed to get PCIe throughput

2024/12/05 (12:14:52) | ===> btop++ v.1.4.0
2024/12/05 (12:14:52) | WARNING: ROCm SMI: Failed to get maximum GPU temperature, defaulting to 110°C
2024/12/05 (12:14:52) | WARNING: ROCm SMI: Failed to get PCIe throughput
2024/12/11 (14:36:58) | ERROR: Stall in Runner thread, restarting!

2024/12/11 (15:22:12) | ===> btop++ v.1.4.0
2024/12/11 (15:22:12) | WARNING: ROCm SMI: Failed to get maximum GPU temperature, defaulting to 110°C
2024/12/11 (15:22:12) | WARNING: ROCm SMI: Failed to get PCIe throughput
2024/12/13 (16:48:40) | ERROR: Stall in Runner thread, restarting!
2024/12/13 (16:49:08) | ERROR: Stall in Runner thread, restarting!

2024/12/16 (12:57:39) | ===> btop++ v.1.4.0
2024/12/16 (12:57:39) | WARNING: ROCm SMI: Failed to get maximum GPU temperature, defaulting to 110°C
2024/12/16 (12:57:39) | WARNING: ROCm SMI: Failed to get PCIe throughput
2024/12/16 (16:19:26) | ERROR: Stall in Runner thread, restarting!
2024/12/16 (16:19:42) | ERROR: Stall in Runner thread, restarting!
2024/12/17 (13:10:43) | ERROR: Stall in Runner thread, restarting!
2024/12/17 (13:10:58) | ERROR: Stall in Runner thread, restarting!
2024/12/17 (13:11:19) | ERROR: Stall in Runner thread, restarting!
2024/12/17 (13:11:34) | ERROR: Stall in Runner thread, restarting!
2024/12/17 (13:11:55) | ERROR: Stall in Runner thread, restarting!

2024/12/19 (10:53:24) | ===> btop++ v.1.4.0
2024/12/19 (10:53:24) | WARNING: ROCm SMI: Failed to get maximum GPU temperature, defaulting to 110°C
2024/12/19 (10:53:24) | WARNING: ROCm SMI: Failed to get PCIe throughput
2024/12/19 (13:39:26) | ERROR: Stall in Runner thread, restarting!
2024/12/19 (13:40:21) | ERROR: Stall in Runner thread, restarting!

2024/12/19 (16:58:40) | ===> btop++ v.1.4.0
2024/12/19 (16:58:40) | WARNING: ROCm SMI: Failed to get maximum GPU temperature, defaulting to 110°C
2024/12/19 (16:58:40) | WARNING: ROCm SMI: Failed to get PCIe throughput
2024/12/20 (13:57:02) | ERROR: Stall in Runner thread, restarting!

2024/12/20 (18:59:34) | ===> btop++ v.1.4.0
2024/12/20 (18:59:34) | WARNING: ROCm SMI: Failed to get maximum GPU temperature, defaulting to 110°C
2024/12/20 (18:59:34) | WARNING: ROCm SMI: Failed to get PCIe throughput

2024/12/30 (09:20:05) | ===> btop++ v.1.4.0
2024/12/30 (09:20:05) | WARNING: ROCm SMI: Failed to get maximum GPU temperature, defaulting to 110°C
2024/12/30 (09:20:05) | WARNING: ROCm SMI: Failed to get PCIe throughput

2024/12/30 (10:35:58) | ===> btop++ v.1.4.0
2024/12/30 (10:35:58) | WARNING: ROCm SMI: Failed to get maximum GPU temperature, defaulting to 110°C
2024/12/30 (10:35:58) | WARNING: ROCm SMI: Failed to get PCIe throughput

2025/01/02 (14:31:25) | ===> btop++ v.1.4.0
2025/01/02 (14:31:25) | WARNING: ROCm SMI: Failed to get maximum GPU temperature, defaulting to 110°C
2025/01/02 (14:31:25) | WARNING: ROCm SMI: Failed to get PCIe throughput

2025/01/06 (09:24:59) | ===> btop++ v.1.4.0
2025/01/06 (09:24:59) | WARNING: ROCm SMI: Failed to get maximum GPU temperature, defaulting to 110°C
2025/01/06 (09:24:59) | WARNING: ROCm SMI: Failed to get PCIe throughput

2025/01/20 (11:23:04) | ===> btop++ v.1.4.0
2025/01/20 (11:23:04) | WARNING: ROCm SMI: Failed to get maximum GPU temperature, defaulting to 110°C
2025/01/20 (11:23:04) | WARNING: ROCm SMI: Failed to get PCIe throughput

2025/01/28 (12:33:19) | ===> btop++ v.1.4.0
2025/01/28 (12:33:19) | WARNING: ROCm SMI: Failed to get maximum GPU temperature, defaulting to 110°C
2025/01/28 (12:33:19) | WARNING: ROCm SMI: Failed to get PCIe throughput
2025/01/30 (11:59:16) | ERROR: Stall in Runner thread, restarting!

2025/02/03 (09:13:53) | ===> btop++ v.1.4.0
2025/02/03 (09:13:53) | WARNING: ROCm SMI: Failed to get maximum GPU temperature, defaulting to 110°C
2025/02/03 (09:13:53) | WARNING: ROCm SMI: Failed to get PCIe throughput

2025/02/03 (09:15:42) | ===> btop++ v.1.4.0
2025/02/03 (09:15:42) | WARNING: ROCm SMI: Failed to get maximum GPU temperature, defaulting to 110°C
2025/02/03 (09:15:42) | WARNING: ROCm SMI: Failed to get PCIe throughput

2025/02/05 (11:42:18) | ===> btop++ v.1.4.0
2025/02/05 (11:42:18) | WARNING: ROCm SMI: Failed to get maximum GPU temperature, defaulting to 110°C
2025/02/05 (11:42:18) | WARNING: ROCm SMI: Failed to get PCIe throughput

2025/02/18 (13:35:45) | ===> btop++ v.1.4.0
2025/02/18 (13:35:45) | WARNING: ROCm SMI: Failed to get maximum GPU temperature, defaulting to 110°C
2025/02/18 (13:35:45) | WARNING: ROCm SMI: Failed to get PCIe throughput

2025/02/18 (16:36:06) | ===> btop++ v.1.4.0
2025/02/18 (16:36:06) | WARNING: ROCm SMI: Failed to get maximum GPU temperature, defaulting to 110°C
2025/02/18 (16:36:06) | WARNING: ROCm SMI: Failed to get PCIe throughput

2025/02/24 (12:37:56) | ===> btop++ v.1.4.0
2025/02/24 (12:37:56) | WARNING: ROCm SMI: Failed to get maximum GPU temperature, defaulting to 110°C
2025/02/24 (12:37:56) | WARNING: ROCm SMI: Failed to get PCIe throughput

2025/02/26 (11:22:08) | ===> btop++ v.1.4.0
2025/02/26 (11:22:08) | WARNING: ROCm SMI: Failed to get maximum GPU temperature, defaulting to 110°C
2025/02/26 (11:22:08) | WARNING: ROCm SMI: Failed to get PCIe throughput
2025/03/03 (14:57:47) | WARNING: ROCm SMI: Failed to get VRAM utilization
2025/03/03 (14:57:47) | WARNING: ROCm SMI: Failed to get GPU clock speed: 
2025/03/03 (14:57:47) | WARNING: ROCm SMI: Failed to get VRAM clock speed: 
2025/03/03 (14:57:47) | WARNING: ROCm SMI: Failed to get GPU power usage
2025/03/03 (14:57:47) | WARNING: ROCm SMI: Failed to get GPU temperature

2025/03/05 (12:02:33) | ===> btop++ v.1.4.0
2025/03/05 (12:02:33) | WARNING: ROCm SMI: Failed to get maximum GPU temperature, defaulting to 110°C
2025/03/05 (12:02:33) | WARNING: ROCm SMI: Failed to get PCIe throughput

2025/03/05 (12:29:09) | ===> btop++ v.1.4.0
2025/03/05 (12:29:09) | WARNING: ROCm SMI: Failed to get maximum GPU temperature, defaulting to 110°C
2025/03/05 (12:29:09) | WARNING: ROCm SMI: Failed to get PCIe throughput

2025/03/05 (16:19:12) | ===> btop++ v.1.4.0
2025/03/05 (16:19:12) | WARNING: ROCm SMI: Failed to get maximum GPU temperature, defaulting to 110°C
2025/03/05 (16:19:12) | WARNING: ROCm SMI: Failed to get PCIe throughput

2025/03/06 (12:38:17) | ===> btop++ v.1.4.0
2025/03/06 (12:38:17) | WARNING: ROCm SMI: Failed to get maximum GPU temperature, defaulting to 110°C
2025/03/06 (12:38:17) | WARNING: ROCm SMI: Failed to get PCIe throughput
2025/03/06 (22:00:52) | ERROR: Stall in Runner thread, restarting!
2025/03/06 (22:00:58) | ERROR: Stall in Runner thread, restarting!
2025/03/06 (22:01:04) | ERROR: Stall in Runner thread, restarting!
2025/03/06 (22:01:10) | ERROR: Stall in Runner thread, restarting!
2025/03/06 (22:01:16) | ERROR: Stall in Runner thread, restarting!
2025/03/06 (22:01:22) | ERROR: Stall in Runner thread, restarting!
2025/03/06 (22:01:28) | ERROR: Stall in Runner thread, restarting!
2025/03/06 (22:01:34) | ERROR: Stall in Runner thread, restarting!
2025/03/06 (22:01:40) | ERROR: Stall in Runner thread, restarting!
2025/03/06 (22:01:46) | ERROR: Stall in Runner thread, restarting!
2025/03/06 (22:01:52) | ERROR: Stall in Runner thread, restarting!
2025/03/06 (22:01:58) | ERROR: Stall in Runner thread, restarting!
2025/03/06 (22:02:04) | ERROR: Stall in Runner thread, restarting!
2025/03/06 (22:02:10) | ERROR: Stall in Runner thread, restarting!
2025/03/06 (22:02:16) | ERROR: Stall in Runner thread, restarting!
2025/03/06 (22:02:22) | ERROR: Stall in Runner thread, restarting!
2025/03/06 (22:02:28) | ERROR: Stall in Runner thread, restarting!
2025/03/06 (22:02:34) | ERROR: Stall in Runner thread, restarting!
2025/03/06 (22:02:40) | ERROR: Stall in Runner thread, restarting!
2025/03/06 (22:02:46) | ERROR: Stall in Runner thread, restarting!
2025/03/06 (22:02:52) | ERROR: Stall in Runner thread, restarting!
2025/03/06 (22:02:58) | ERROR: Stall in Runner thread, restarting!
2025/03/06 (22:03:04) | ERROR: Stall in Runner thread, restarting!
2025/03/06 (22:03:10) | ERROR: Stall in Runner thread, restarting!
2025/03/06 (22:03:16) | ERROR: Stall in Runner thread, restarting!
2025/03/06 (22:03:22) | ERROR: Stall in Runner thread, restarting!
2025/03/06 (22:03:28) | ERROR: Stall in Runner thread, restarting!
2025/03/06 (22:03:34) | ERROR: Stall in Runner thread, restarting!
2025/03/06 (22:03:40) | ERROR: Stall in Runner thread, restarting!
2025/03/06 (22:03:46) | ERROR: Stall in Runner thread, restarting!
2025/03/06 (22:03:52) | ERROR: Stall in Runner thread, restarting!
2025/03/06 (22:03:58) | ERROR: Stall in Runner thread, restarting!
2025/03/06 (22:04:04) | ERROR: Stall in Runner thread, restarting!
2025/03/06 (22:04:10) | ERROR: Stall in Runner thread, restarting!
2025/03/06 (22:04:16) | ERROR: Stall in Runner thread, restarting!
2025/03/06 (22:04:22) | ERROR: Stall in Runner thread, restarting!
2025/03/06 (22:04:28) | ERROR: Stall in Runner thread, restarting!
2025/03/06 (22:04:34) | ERROR: Stall in Runner thread, restarting!
2025/03/06 (22:04:40) | ERROR: Stall in Runner thread, restarting!
2025/03/06 (22:04:46) | ERROR: Stall in Runner thread, restarting!
2025/03/06 (22:04:52) | ERROR: Stall in Runner thread, restarting!
2025/03/06 (22:04:58) | ERROR: Stall in Runner thread, restarting!
2025/03/06 (22:05:04) | ERROR: Stall in Runner thread, restarting!
2025/03/06 (22:05:10) | ERROR: Stall in Runner thread, restarting!
2025/03/06 (22:05:16) | ERROR: Stall in Runner thread, restarting!
2025/03/06 (22:05:22) | ERROR: Stall in Runner thread, restarting!
2025/03/06 (22:05:28) | ERROR: Stall in Runner thread, restarting!
2025/03/06 (22:05:34) | ERROR: Stall in Runner thread, restarting!
2025/03/06 (22:05:40) | ERROR: Stall in Runner thread, restarting!
2025/03/06 (22:05:46) | ERROR: Stall in Runner thread, restarting!
2025/03/06 (22:05:52) | ERROR: Stall in Runner thread, restarting!
2025/03/06 (22:05:58) | ERROR: Stall in Runner thread, restarting!
2025/03/06 (22:06:04) | ERROR: Stall in Runner thread, restarting!
2025/03/06 (22:06:10) | ERROR: Stall in Runner thread, restarting!
2025/03/06 (22:06:16) | ERROR: Stall in Runner thread, restarting!
2025/03/06 (22:06:22) | ERROR: Stall in Runner thread, restarting!
2025/03/06 (22:06:28) | ERROR: Stall in Runner thread, restarting!
2025/03/06 (22:06:34) | ERROR: Stall in Runner thread, restarting!
2025/03/06 (22:06:40) | ERROR: Stall in Runner thread, restarting!

2025/03/12 (16:03:22) | ===> btop++ v.1.4.0
2025/03/12 (16:03:22) | WARNING: ROCm SMI: Failed to get maximum GPU temperature, defaulting to 110°C
2025/03/12 (16:03:22) | WARNING: ROCm SMI: Failed to get PCIe throughput

2025/03/25 (10:44:49) | ===> btop++ v.1.4.0
2025/03/25 (10:44:49) | WARNING: ROCm SMI: Failed to get maximum GPU temperature, defaulting to 110°C
2025/03/25 (10:44:49) | WARNING: ROCm SMI: Failed to get PCIe throughput

2025/03/25 (13:16:55) | ===> btop++ v.1.4.0
2025/03/25 (13:16:55) | WARNING: ROCm SMI: Failed to get maximum GPU temperature, defaulting to 110°C
2025/03/25 (13:16:55) | WARNING: ROCm SMI: Failed to get PCIe throughput

2025/03/31 (11:09:17) | ===> btop++ v.1.4.0
2025/03/31 (11:09:17) | WARNING: ROCm SMI: Failed to get maximum GPU temperature, defaulting to 110°C
2025/03/31 (11:09:17) | WARNING: ROCm SMI: Failed to get PCIe throughput
2025/04/07 (17:23:28) | WARNING: ROCm SMI: Failed to get VRAM utilization
2025/04/07 (17:23:28) | WARNING: ROCm SMI: Failed to get GPU clock speed: 
2025/04/07 (17:23:28) | WARNING: ROCm SMI: Failed to get VRAM clock speed: 
2025/04/07 (17:23:28) | WARNING: ROCm SMI: Failed to get GPU power usage
2025/04/07 (17:23:28) | WARNING: ROCm SMI: Failed to get GPU temperature

2025/04/07 (17:24:56) | ===> btop++ v.1.4.0
2025/04/07 (17:24:56) | WARNING: ROCm SMI: Failed to get maximum GPU temperature, defaulting to 110°C
2025/04/07 (17:24:56) | WARNING: ROCm SMI: Failed to get PCIe throughput
2025/04/07 (17:32:42) | WARNING: ROCm SMI: Failed to get VRAM utilization
2025/04/07 (17:32:42) | WARNING: ROCm SMI: Failed to get GPU clock speed: 
2025/04/07 (17:32:42) | WARNING: ROCm SMI: Failed to get VRAM clock speed: 
2025/04/07 (17:32:42) | WARNING: ROCm SMI: Failed to get GPU power usage
2025/04/07 (17:32:42) | WARNING: ROCm SMI: Failed to get GPU temperature

2025/04/08 (09:50:24) | ===> btop++ v.1.4.0
2025/04/08 (09:50:24) | WARNING: ROCm SMI: Failed to get maximum GPU temperature, defaulting to 110°C
2025/04/08 (09:50:24) | WARNING: ROCm SMI: Failed to get PCIe throughput

2025/04/16 (12:48:33) | ===> btop++ v.1.4.0
2025/04/16 (12:48:33) | WARNING: ROCm SMI: Failed to get maximum GPU temperature, defaulting to 110°C
2025/04/16 (12:48:33) | WARNING: ROCm SMI: Failed to get PCIe throughput

2025/04/22 (14:34:07) | ===> btop++ v.1.4.0
2025/04/22 (14:34:07) | WARNING: ROCm SMI: Failed to get maximum GPU temperature, defaulting to 110°C
2025/04/22 (14:34:07) | WARNING: ROCm SMI: Failed to get PCIe throughput
